<?xml version="1.0" encoding="UTF-8"?>
<!-- Generated by org.testng.reporters.JUnitReportReporter -->
<testsuite hostname="VL-LPT-26" failures="0" tests="1" name="testCases.TC001_AccountRegistrationTest" time="6.789" errors="0" timestamp="2025-06-15T18:12:43 IST" skipped="0">
  <testcase classname="testCases.TC001_AccountRegistrationTest" name="verify_account_registartion" time="6.789"/>
</testsuite> <!-- testCases.TC001_AccountRegistrationTest -->
