<?xml version="1.0" encoding="UTF-8"?>
<!-- Generated by org.testng.reporters.JUnitReportReporter -->
<testsuite hostname="VL-LPT-26" failures="0" tests="1" name="testCases.TC002_LoginTest" time="1.829" errors="0" timestamp="2025-06-15T18:12:43 IST" skipped="0">
  <testcase classname="testCases.TC002_LoginTest" name="verify_login" time="1.829"/>
</testsuite> <!-- testCases.TC002_LoginTest -->
